<?xml version="1.0" encoding="UTF-8"?>
<!-- Generated by org.testng.reporters.JUnitXMLReporter -->
<testsuite ignored="0" hostname="LAPTOP-MJ36HM04" failures="0" tests="3" name="Test" time="28.841" errors="0" timestamp="2022-06-02T19:42:20 IST">
  <testcase classname="academy.HomePage" name="homePageNavigation" time="9.921"/>
  <testcase classname="academy.ValidateTitle" name="homePageNavigation" time="0.311"/>
  <testcase classname="academy.PracticePage2HomePage" name="PracticePage2Navigation" time="7.043"/>
</testsuite> <!-- Test -->
