<?xml version="1.0" encoding="UTF-8"?>
<!-- Generated by org.testng.reporters.JUnitXMLReporter -->
<testsuite ignored="0" hostname="LAPTOP-MJ36HM04" failures="2" tests="2" name="Validating homepage" time="26.769" errors="0" timestamp="2022-06-10T19:29:47 IST">
  <testcase classname="academy.HomePage" name="homePageNavigation" time="13.768">
    <failure type="org.openqa.selenium.ElementClickInterceptedException" message="Element &amp;lt;a class=&amp;quot;theme-btn register-btn&amp;quot; href=&amp;quot;https://courses.rahulshettyacademy.com/sign_in&amp;quot;&amp;gt; is not clickable at point (1282,81) because another element &amp;lt;div class=&amp;quot;preloader&amp;quot;&amp;gt; obscures it
Build info: version: &amp;apos;4.1.3&amp;apos;, revision: &amp;apos;7b1ebf28ef&amp;apos;
System info: host: &amp;apos;LAPTOP-MJ36HM04&amp;apos;, ip: &amp;apos;192.168.1.100&amp;apos;, os.name: &amp;apos;Windows 10&amp;apos;, os.arch: &amp;apos;amd64&amp;apos;, os.version: &amp;apos;10.0&amp;apos;, java.version: &amp;apos;16.0.2&amp;apos;
Driver info: org.openqa.selenium.firefox.FirefoxDriver
Command: [d1547f27-efdf-479e-90a6-733b97d99b18, clickElement {id=7d7a7058-4e62-429e-b3db-8d4b37917cce}]
Capabilities {acceptInsecureCerts: true, browserName: firefox, browserVersion: 101.0.1, javascriptEnabled: true, moz:accessibilityChecks: false, moz:buildID: 20220608170832, moz:debuggerAddress: localhost:50511, moz:geckodriverVersion: 0.31.0, moz:headless: false, moz:processID: 10924, moz:profile: C:\Users\javed\AppData\Loca..., moz:shutdownTimeout: 60000, moz:useNonSpecCompliantPointerOrigin: false, moz:webdriverClick: true, pageLoadStrategy: normal, platform: WINDOWS, platformName: WINDOWS, platformVersion: 10.0, proxy: Proxy(), se:cdp: ws://localhost:50511/devtoo..., se:cdpVersion: 85.0, setWindowRect: true, strictFileInteractability: false, timeouts: {implicit: 0, pageLoad: 300000, script: 30000}, unhandledPromptBehavior: dismiss and notify}
Element: [[FirefoxDriver: firefox on WINDOWS (d1547f27-efdf-479e-90a6-733b97d99b18)] -&amp;gt; css selector: .theme-btn.register-btn]
Session ID: d1547f27-efdf-479e-90a6-733b97d99b18">
      <![CDATA[org.openqa.selenium.ElementClickInterceptedException: Element <a class="theme-btn register-btn" href="https://courses.rahulshettyacademy.com/sign_in"> is not clickable at point (1282,81) because another element <div class="preloader"> obscures it
Build info: version: '4.1.3', revision: '7b1ebf28ef'
System info: host: 'LAPTOP-MJ36HM04', ip: '192.168.1.100', os.name: 'Windows 10', os.arch: 'amd64', os.version: '10.0', java.version: '16.0.2'
Driver info: org.openqa.selenium.firefox.FirefoxDriver
Command: [d1547f27-efdf-479e-90a6-733b97d99b18, clickElement {id=7d7a7058-4e62-429e-b3db-8d4b37917cce}]
Capabilities {acceptInsecureCerts: true, browserName: firefox, browserVersion: 101.0.1, javascriptEnabled: true, moz:accessibilityChecks: false, moz:buildID: 20220608170832, moz:debuggerAddress: localhost:50511, moz:geckodriverVersion: 0.31.0, moz:headless: false, moz:processID: 10924, moz:profile: C:\Users\javed\AppData\Loca..., moz:shutdownTimeout: 60000, moz:useNonSpecCompliantPointerOrigin: false, moz:webdriverClick: true, pageLoadStrategy: normal, platform: WINDOWS, platformName: WINDOWS, platformVersion: 10.0, proxy: Proxy(), se:cdp: ws://localhost:50511/devtoo..., se:cdpVersion: 85.0, setWindowRect: true, strictFileInteractability: false, timeouts: {implicit: 0, pageLoad: 300000, script: 30000}, unhandledPromptBehavior: dismiss and notify}
Element: [[FirefoxDriver: firefox on WINDOWS (d1547f27-efdf-479e-90a6-733b97d99b18)] -> css selector: .theme-btn.register-btn]
Session ID: d1547f27-efdf-479e-90a6-733b97d99b18
at org.openqa.selenium.remote.codec.w3c.W3CHttpResponseCodec.createException(W3CHttpResponseCodec.java:200)
at org.openqa.selenium.remote.codec.w3c.W3CHttpResponseCodec.decode(W3CHttpResponseCodec.java:133)
at org.openqa.selenium.remote.codec.w3c.W3CHttpResponseCodec.decode(W3CHttpResponseCodec.java:53)
at org.openqa.selenium.remote.HttpCommandExecutor.execute(HttpCommandExecutor.java:184)
at org.openqa.selenium.remote.service.DriverCommandExecutor.invokeExecute(DriverCommandExecutor.java:167)
at org.openqa.selenium.remote.service.DriverCommandExecutor.execute(DriverCommandExecutor.java:142)
at org.openqa.selenium.remote.RemoteWebDriver.execute(RemoteWebDriver.java:567)
at org.openqa.selenium.remote.RemoteWebElement.execute(RemoteWebElement.java:251)
at org.openqa.selenium.remote.RemoteWebElement.click(RemoteWebElement.java:77)
at academy.HomePage.homePageNavigation(HomePage.java:52)
at java.base/java.util.ArrayList.forEach(ArrayList.java:1511)
... Removed 32 stack frames]]>
    </failure>
  </testcase> <!-- homePageNavigation -->
  <testcase classname="academy.HomePage" name="homePageNavigation" time="1.622">
    <failure type="org.openqa.selenium.ElementClickInterceptedException" message="Element &amp;lt;a class=&amp;quot;theme-btn register-btn&amp;quot; href=&amp;quot;https://courses.rahulshettyacademy.com/sign_in&amp;quot;&amp;gt; is not clickable at point (1282,81) because another element &amp;lt;div class=&amp;quot;preloader&amp;quot;&amp;gt; obscures it
Build info: version: &amp;apos;4.1.3&amp;apos;, revision: &amp;apos;7b1ebf28ef&amp;apos;
System info: host: &amp;apos;LAPTOP-MJ36HM04&amp;apos;, ip: &amp;apos;192.168.1.100&amp;apos;, os.name: &amp;apos;Windows 10&amp;apos;, os.arch: &amp;apos;amd64&amp;apos;, os.version: &amp;apos;10.0&amp;apos;, java.version: &amp;apos;16.0.2&amp;apos;
Driver info: org.openqa.selenium.firefox.FirefoxDriver
Command: [d1547f27-efdf-479e-90a6-733b97d99b18, clickElement {id=8eb7d3f3-55b2-4abd-b30e-f1441099e32e}]
Capabilities {acceptInsecureCerts: true, browserName: firefox, browserVersion: 101.0.1, javascriptEnabled: true, moz:accessibilityChecks: false, moz:buildID: 20220608170832, moz:debuggerAddress: localhost:50511, moz:geckodriverVersion: 0.31.0, moz:headless: false, moz:processID: 10924, moz:profile: C:\Users\javed\AppData\Loca..., moz:shutdownTimeout: 60000, moz:useNonSpecCompliantPointerOrigin: false, moz:webdriverClick: true, pageLoadStrategy: normal, platform: WINDOWS, platformName: WINDOWS, platformVersion: 10.0, proxy: Proxy(), se:cdp: ws://localhost:50511/devtoo..., se:cdpVersion: 85.0, setWindowRect: true, strictFileInteractability: false, timeouts: {implicit: 0, pageLoad: 300000, script: 30000}, unhandledPromptBehavior: dismiss and notify}
Element: [[FirefoxDriver: firefox on WINDOWS (d1547f27-efdf-479e-90a6-733b97d99b18)] -&amp;gt; css selector: .theme-btn.register-btn]
Session ID: d1547f27-efdf-479e-90a6-733b97d99b18">
      <![CDATA[org.openqa.selenium.ElementClickInterceptedException: Element <a class="theme-btn register-btn" href="https://courses.rahulshettyacademy.com/sign_in"> is not clickable at point (1282,81) because another element <div class="preloader"> obscures it
Build info: version: '4.1.3', revision: '7b1ebf28ef'
System info: host: 'LAPTOP-MJ36HM04', ip: '192.168.1.100', os.name: 'Windows 10', os.arch: 'amd64', os.version: '10.0', java.version: '16.0.2'
Driver info: org.openqa.selenium.firefox.FirefoxDriver
Command: [d1547f27-efdf-479e-90a6-733b97d99b18, clickElement {id=8eb7d3f3-55b2-4abd-b30e-f1441099e32e}]
Capabilities {acceptInsecureCerts: true, browserName: firefox, browserVersion: 101.0.1, javascriptEnabled: true, moz:accessibilityChecks: false, moz:buildID: 20220608170832, moz:debuggerAddress: localhost:50511, moz:geckodriverVersion: 0.31.0, moz:headless: false, moz:processID: 10924, moz:profile: C:\Users\javed\AppData\Loca..., moz:shutdownTimeout: 60000, moz:useNonSpecCompliantPointerOrigin: false, moz:webdriverClick: true, pageLoadStrategy: normal, platform: WINDOWS, platformName: WINDOWS, platformVersion: 10.0, proxy: Proxy(), se:cdp: ws://localhost:50511/devtoo..., se:cdpVersion: 85.0, setWindowRect: true, strictFileInteractability: false, timeouts: {implicit: 0, pageLoad: 300000, script: 30000}, unhandledPromptBehavior: dismiss and notify}
Element: [[FirefoxDriver: firefox on WINDOWS (d1547f27-efdf-479e-90a6-733b97d99b18)] -> css selector: .theme-btn.register-btn]
Session ID: d1547f27-efdf-479e-90a6-733b97d99b18
at org.openqa.selenium.remote.codec.w3c.W3CHttpResponseCodec.createException(W3CHttpResponseCodec.java:200)
at org.openqa.selenium.remote.codec.w3c.W3CHttpResponseCodec.decode(W3CHttpResponseCodec.java:133)
at org.openqa.selenium.remote.codec.w3c.W3CHttpResponseCodec.decode(W3CHttpResponseCodec.java:53)
at org.openqa.selenium.remote.HttpCommandExecutor.execute(HttpCommandExecutor.java:184)
at org.openqa.selenium.remote.service.DriverCommandExecutor.invokeExecute(DriverCommandExecutor.java:167)
at org.openqa.selenium.remote.service.DriverCommandExecutor.execute(DriverCommandExecutor.java:142)
at org.openqa.selenium.remote.RemoteWebDriver.execute(RemoteWebDriver.java:567)
at org.openqa.selenium.remote.RemoteWebElement.execute(RemoteWebElement.java:251)
at org.openqa.selenium.remote.RemoteWebElement.click(RemoteWebElement.java:77)
at academy.HomePage.homePageNavigation(HomePage.java:52)
at java.base/java.util.ArrayList.forEach(ArrayList.java:1511)
... Removed 32 stack frames]]>
    </failure>
  </testcase> <!-- homePageNavigation -->
</testsuite> <!-- Validating homepage -->
