<?xml version="1.0" encoding="UTF-8"?>
<!-- Generated by org.testng.reporters.JUnitXMLReporter -->
<testsuite hostname="LAPTOP-MJ36HM04" ignored="0" name="Test" tests="3" failures="0" timestamp="2022-06-02T18:06:24 IST" time="47.969" errors="0">
  <testcase name="homePageNavigation" time="13.146" classname="academy.HomePage"/>
  <testcase name="homePageNavigation" time="0.508" classname="academy.ValidateTitle"/>
  <testcase name="PracticePage2Navigation" time="13.07" classname="academy.PracticePage2HomePage"/>
</testsuite> <!-- Test -->
