<?xml version="1.0" encoding="UTF-8"?>
<testng-results skipped="0" failed="0" ignored="0" total="4" passed="4">
  <reporter-output>
  </reporter-output>
  <suite name="Suite" duration-ms="44535" started-at="2022-06-13T08:25:53 IST" finished-at="2022-06-13T08:26:38 IST">
    <groups>
    </groups>
    <test name="Validating homepage" duration-ms="29237" started-at="2022-06-13T08:25:53 IST" finished-at="2022-06-13T08:26:22 IST">
      <class name="academy.HomePage">
        <test-method status="PASS" signature="initialization()[pri:0, instance:academy.HomePage@43f02ef2]" name="initialization" is-config="true" duration-ms="9097" started-at="2022-06-13T08:25:53 IST" finished-at="2022-06-13T08:26:02 IST">
          <reporter-output>
          </reporter-output>
        </test-method> <!-- initialization -->
        <test-method status="PASS" signature="homePageNavigation(java.lang.String, java.lang.String)[pri:0, instance:academy.HomePage@43f02ef2]" name="homePageNavigation" duration-ms="13714" started-at="2022-06-13T08:26:02 IST" data-provider="getData" finished-at="2022-06-13T08:26:16 IST">
          <params>
            <param index="0">
              <value>
                <![CDATA[Sandeep.patil@gmail.com]]>
              </value>
            </param>
            <param index="1">
              <value>
                <![CDATA[9754879954]]>
              </value>
            </param>
          </params>
          <reporter-output>
          </reporter-output>
        </test-method> <!-- homePageNavigation -->
        <test-method status="PASS" signature="homePageNavigation(java.lang.String, java.lang.String)[pri:0, instance:academy.HomePage@43f02ef2]" name="homePageNavigation" duration-ms="6067" started-at="2022-06-13T08:26:16 IST" data-provider="getData" finished-at="2022-06-13T08:26:22 IST">
          <params>
            <param index="0">
              <value>
                <![CDATA[javedlamture@yahoo.com]]>
              </value>
            </param>
            <param index="1">
              <value>
                <![CDATA[67890]]>
              </value>
            </param>
          </params>
          <reporter-output>
          </reporter-output>
        </test-method> <!-- homePageNavigation -->
        <test-method status="PASS" signature="teardown()[pri:0, instance:academy.HomePage@43f02ef2]" name="teardown" is-config="true" duration-ms="223" started-at="2022-06-13T08:26:22 IST" finished-at="2022-06-13T08:26:22 IST">
          <reporter-output>
          </reporter-output>
        </test-method> <!-- teardown -->
      </class> <!-- academy.HomePage -->
    </test> <!-- Validating homepage -->
    <test name="Validating Title" duration-ms="6871" started-at="2022-06-13T08:26:23 IST" finished-at="2022-06-13T08:26:30 IST">
      <class name="academy.ValidateTitle">
        <test-method status="PASS" signature="initialization()[pri:0, instance:academy.ValidateTitle@333d4a8c]" name="initialization" is-config="true" duration-ms="6368" started-at="2022-06-13T08:26:23 IST" finished-at="2022-06-13T08:26:29 IST">
          <reporter-output>
          </reporter-output>
        </test-method> <!-- initialization -->
        <test-method status="PASS" signature="validatingTitle()[pri:0, instance:academy.ValidateTitle@333d4a8c]" name="validatingTitle" duration-ms="326" started-at="2022-06-13T08:26:29 IST" finished-at="2022-06-13T08:26:30 IST">
          <reporter-output>
          </reporter-output>
        </test-method> <!-- validatingTitle -->
        <test-method status="PASS" signature="teardown()[pri:0, instance:academy.ValidateTitle@333d4a8c]" name="teardown" is-config="true" duration-ms="175" started-at="2022-06-13T08:26:30 IST" finished-at="2022-06-13T08:26:30 IST">
          <reporter-output>
          </reporter-output>
        </test-method> <!-- teardown -->
      </class> <!-- academy.ValidateTitle -->
    </test> <!-- Validating Title -->
    <test name="Validating UI elements" duration-ms="7578" started-at="2022-06-13T08:26:30 IST" finished-at="2022-06-13T08:26:38 IST">
      <class name="academy.PracticePage2HomePage">
        <test-method status="PASS" signature="initialization()[pri:0, instance:academy.PracticePage2HomePage@c05fddc]" name="initialization" is-config="true" duration-ms="1781" started-at="2022-06-13T08:26:30 IST" finished-at="2022-06-13T08:26:32 IST">
          <reporter-output>
          </reporter-output>
        </test-method> <!-- initialization -->
        <test-method status="PASS" signature="PracticePage2Navigation()[pri:0, instance:academy.PracticePage2HomePage@c05fddc]" name="PracticePage2Navigation" duration-ms="5571" started-at="2022-06-13T08:26:32 IST" finished-at="2022-06-13T08:26:37 IST">
          <reporter-output>
          </reporter-output>
        </test-method> <!-- PracticePage2Navigation -->
        <test-method status="PASS" signature="teardown()[pri:0, instance:academy.PracticePage2HomePage@c05fddc]" name="teardown" is-config="true" duration-ms="224" started-at="2022-06-13T08:26:37 IST" finished-at="2022-06-13T08:26:38 IST">
          <reporter-output>
          </reporter-output>
        </test-method> <!-- teardown -->
      </class> <!-- academy.PracticePage2HomePage -->
    </test> <!-- Validating UI elements -->
  </suite> <!-- Suite -->
</testng-results>
